<?xml version="1.0" encoding="UTF-8"?>
<!-- Generated by org.testng.reporters.JUnitReportReporter -->
<testsuite hostname="DESKTOP-2EDHOMH" failures="0" tests="1" name="Pages.NewTest" time="11.137" errors="0" timestamp="2020-03-25T09:52:37 IST" skipped="0">
  <testcase classname="Pages.NewTest" name="f" time="11.137"/>
</testsuite> <!-- Pages.NewTest -->
