<?xml version="1.0" encoding="UTF-8"?>
<!-- Generated by org.testng.reporters.JUnitReportReporter -->
<testsuite hostname="DESKTOP-2EDHOMH" failures="0" tests="2" name="Test_Cases.Project_TestNg2" time="62.426" errors="0" timestamp="2020-03-26T11:01:46 IST" skipped="0">
  <testcase classname="Test_Cases.Project_TestNg2" name="Logindata" time="35.589"/>
  <testcase classname="Test_Cases.Project_TestNg2" name="Logindata" time="26.837"/>
</testsuite> <!-- Test_Cases.Project_TestNg2 -->
