<?xml version="1.0" encoding="UTF-8"?>
<!-- Generated by org.testng.reporters.JUnitReportReporter -->
<testsuite hostname="DESKTOP-2EDHOMH" failures="0" tests="2" name="Test_Cases.Project_TestNg" time="49.381" errors="0" timestamp="2020-03-26T11:01:46 IST" skipped="0">
  <testcase classname="Test_Cases.Project_TestNg" name="Logindata" time="29.715"/>
  <testcase classname="Test_Cases.Project_TestNg" name="Logindata" time="19.666"/>
</testsuite> <!-- Test_Cases.Project_TestNg -->
